Arguments: 
  C:\Program Files\nodejs\node.exe C:\Users\tolul\AppData\Roaming\npm\node_modules\yarn\bin\yarn.js add @babel/plugin-transform-react-native-reanimated

PATH: 
  C:\Windows\system32;C:\Windows;C:\Windows\System32\Wbem;C:\Windows\System32\WindowsPowerShell\v1.0\;C:\Windows\System32\OpenSSH\;C:\Program Files (x86)\NVIDIA Corporation\PhysX\Common;C:\Program Files\NVIDIA Corporation\NVIDIA NvDLISR;C:\WINDOWS\system32;C:\WINDOWS;C:\WINDOWS\System32\Wbem;C:\WINDOWS\System32\WindowsPowerShell\v1.0\;C:\WINDOWS\System32\OpenSSH\;C:\Program Files\dotnet\;C:\Program Files\Calibre2\;C:\Program Files\nodejs\;C:\Program Files\Git\cmd;C:\Users\tolul\AppData\Local\Microsoft\WindowsApps;C:\Users\tolul\AppData\Local\Programs\Microsoft VS Code\bin;C:\Users\tolul\AppData\Roaming\npm;C:\Users\tolul\AppData\Local\GitHubDesktop\bin

Yarn version: 
  1.22.19

Node version: 
  19.6.1

Platform: 
  win32 x64

Trace: 
  Error: https://registry.npmjs.org/@babel%2fplugin-transform-react-native-reanimated: Not found
      at params.callback [as _callback] (C:\Users\tolul\AppData\Roaming\npm\node_modules\yarn\lib\cli.js:66145:18)
      at self.callback (C:\Users\tolul\AppData\Roaming\npm\node_modules\yarn\lib\cli.js:140890:22)
      at Request.emit (node:events:512:28)
      at Request.<anonymous> (C:\Users\tolul\AppData\Roaming\npm\node_modules\yarn\lib\cli.js:141862:10)
      at Request.emit (node:events:512:28)
      at IncomingMessage.<anonymous> (C:\Users\tolul\AppData\Roaming\npm\node_modules\yarn\lib\cli.js:141784:12)
      at Object.onceWrapper (node:events:626:28)
      at IncomingMessage.emit (node:events:524:35)
      at endReadableNT (node:internal/streams/readable:1359:12)
      at process.processTicksAndRejections (node:internal/process/task_queues:82:21)

npm manifest: 
  {
    "name": "myfundapp",
    "version": "1.0.0",
    "main": "node_modules/expo/AppEntry.js",
    "scripts": {
      "start": "expo start",
      "android": "expo start --android",
      "ios": "expo start --ios",
      "web": "expo start --web"
    },
    "dependencies": {
      "@react-native-picker/picker": "2.4.8",
      "@react-navigation/bottom-tabs": "^6.5.7",
      "@react-navigation/drawer": "^6.6.2",
      "@react-navigation/material-top-tabs": "^6.6.2",
      "@react-navigation/native": "^6.1.6",
      "@react-navigation/stack": "^6.3.16",
      "expo": "~48.0.10",
      "expo-font": "^11.1.1",
      "expo-image-picker": "~14.1.1",
      "expo-status-bar": "~1.4.4",
      "react": "18.2.0",
      "react-native": "0.71.7",
      "react-native-appearance": "^0.3.4",
      "react-native-gesture-handler": "^2.9.0",
      "react-native-onboarding-swiper": "^1.2.0",
      "react-native-paper": "^5.7.0",
      "react-native-radio-buttons-group": "^2.3.2",
      "react-native-reanimated": "~2.14.4",
      "react-native-splash-screen": "^3.3.0"
    },
    "devDependencies": {
      "@babel/core": "^7.20.0",
      "@babel/plugin-transform-react-jsx-source": "^7.19.6"
    },
    "private": true
  }

yarn manifest: 
  No manifest

Lockfile: 
  No lockfile
